# JRE version: OpenJDK Runtime Environment GraalVM CE 21.2.0 (11.0.12+6) (build 11.0.12+6-jvmci-21.2-b08)
# Java VM: OpenJDK 64-Bit Server VM GraalVM CE 21.2.0 (11.0.12+6-jvmci-21.2-b08, mixed mode, sharing, tiered, jvmci, jvmci compiler, compressed oops, g1 gc, bsd-amd64)
Heap:
 garbage-first heap   total 379904K, used 114013K [0x0000000700000000, 0x0000000800000000)
  region size 1024K, 39 young (39936K), 9 survivors (9216K)
 Metaspace       used 44355K, capacity 46665K, committed 46960K, reserved 1089536K
  class space    used 5462K, capacity 6380K, committed 6512K, reserved 1048576K
GC Heap History (16 events):
Event: 0.496 GC heap before
{Heap before GC invocations=0 (full 0):
 garbage-first heap   total 264192K, used 27356K [0x0000000700000000, 0x0000000800000000)
  region size 1024K, 24 young (24576K), 0 survivors (0K)
 Metaspace       used 4160K, capacity 5711K, committed 6016K, reserved 1056768K
  class space    used 374K, capacity 601K, committed 640K, reserved 1048576K
}
Event: 0.505 GC heap after
{Heap after GC invocations=1 (full 0):
 garbage-first heap   total 264192K, used 14097K [0x0000000700000000, 0x0000000800000000)
  region size 1024K, 3 young (3072K), 3 survivors (3072K)
 Metaspace       used 4160K, capacity 5711K, committed 6016K, reserved 1056768K
  class space    used 374K, capacity 601K, committed 640K, reserved 1048576K
}
Event: 0.571 GC heap before
{Heap before GC invocations=1 (full 0):
 garbage-first heap   total 264192K, used 36625K [0x0000000700000000, 0x0000000800000000)
  region size 1024K, 24 young (24576K), 3 survivors (3072K)
 Metaspace       used 4214K, capacity 5712K, committed 6016K, reserved 1056768K
  class space    used 374K, capacity 601K, committed 640K, reserved 1048576K
}
Event: 0.580 GC heap after
{Heap after GC invocations=2 (full 0):
 garbage-first heap   total 264192K, used 26414K [0x0000000700000000, 0x0000000800000000)
  region size 1024K, 3 young (3072K), 3 survivors (3072K)
 Metaspace       used 4214K, capacity 5712K, committed 6016K, reserved 1056768K
  class space    used 374K, capacity 601K, committed 640K, reserved 1048576K
}
Event: 0.634 GC heap before
{Heap before GC invocations=2 (full 0):
 garbage-first heap   total 264192K, used 49966K [0x0000000700000000, 0x0000000800000000)
  region size 1024K, 25 young (25600K), 3 survivors (3072K)
 Metaspace       used 4418K, capacity 5872K, committed 6016K, reserved 1056768K
  class space    used 388K, capacity 612K, committed 640K, reserved 1048576K
}
Event: 0.644 GC heap after
{Heap after GC invocations=3 (full 0):
 garbage-first heap   total 264192K, used 40668K [0x0000000700000000, 0x0000000800000000)
  region size 1024K, 4 young (4096K), 4 survivors (4096K)
 Metaspace       used 4418K, capacity 5872K, committed 6016K, reserved 1056768K
  class space    used 388K, capacity 612K, committed 640K, reserved 1048576K
}
Event: 0.718 GC heap before
{Heap before GC invocations=3 (full 0):
 garbage-first heap   total 264192K, used 79580K [0x0000000700000000, 0x0000000800000000)
  region size 1024K, 43 young (44032K), 4 survivors (4096K)
 Metaspace       used 5056K, capacity 6137K, committed 6400K, reserved 1056768K
  class space    used 468K, capacity 702K, committed 768K, reserved 1048576K
}
Event: 0.724 GC heap after
{Heap after GC invocations=4 (full 0):
 garbage-first heap   total 264192K, used 44080K [0x0000000700000000, 0x0000000800000000)
  region size 1024K, 3 young (3072K), 3 survivors (3072K)
 Metaspace       used 5056K, capacity 6137K, committed 6400K, reserved 1056768K
  class space    used 468K, capacity 702K, committed 768K, reserved 1048576K
}
Event: 1.258 GC heap before
{Heap before GC invocations=4 (full 0):
 garbage-first heap   total 264192K, used 107568K [0x0000000700000000, 0x0000000800000000)
  region size 1024K, 66 young (67584K), 3 survivors (3072K)
 Metaspace       used 12042K, capacity 12749K, committed 12928K, reserved 1060864K
  class space    used 1260K, capacity 1538K, committed 1664K, reserved 1048576K
}
Event: 1.264 GC heap after
{Heap after GC invocations=5 (full 0):
 garbage-first heap   total 379904K, used 48146K [0x0000000700000000, 0x0000000800000000)
  region size 1024K, 7 young (7168K), 7 survivors (7168K)
 Metaspace       used 12042K, capacity 12749K, committed 12928K, reserved 1060864K
  class space    used 1260K, capacity 1538K, committed 1664K, reserved 1048576K
}
Event: 1.667 GC heap before
{Heap before GC invocations=5 (full 0):
 garbage-first heap   total 379904K, used 184338K [0x0000000700000000, 0x0000000800000000)
  region size 1024K, 142 young (145408K), 7 survivors (7168K)
 Metaspace       used 20206K, capacity 21184K, committed 21296K, reserved 1069056K
  class space    used 2290K, capacity 2688K, committed 2688K, reserved 1048576K
}
Event: 1.674 GC heap after
{Heap after GC invocations=6 (full 0):
 garbage-first heap   total 379904K, used 56985K [0x0000000700000000, 0x0000000800000000)
  region size 1024K, 15 young (15360K), 15 survivors (15360K)
 Metaspace       used 20206K, capacity 21184K, committed 21296K, reserved 1069056K
  class space    used 2290K, capacity 2688K, committed 2688K, reserved 1048576K
}
Event: 2.380 GC heap before
{Heap before GC invocations=7 (full 0):
 garbage-first heap   total 379904K, used 267929K [0x0000000700000000, 0x0000000800000000)
  region size 1024K, 222 young (227328K), 15 survivors (15360K)
 Metaspace       used 34470K, capacity 36390K, committed 36608K, reserved 1081344K
  class space    used 4294K, capacity 5003K, committed 5120K, reserved 1048576K
}
Event: 2.413 GC heap after
{Heap after GC invocations=8 (full 0):
 garbage-first heap   total 379904K, used 78359K [0x0000000700000000, 0x0000000800000000)
  region size 1024K, 28 young (28672K), 28 survivors (28672K)
 Metaspace       used 34470K, capacity 36390K, committed 36608K, reserved 1081344K
  class space    used 4294K, capacity 5003K, committed 5120K, reserved 1048576K
}
Event: 2.819 GC heap before
{Heap before GC invocations=9 (full 0):
 garbage-first heap   total 379904K, used 265751K [0x0000000700000000, 0x0000000800000000)
  region size 1024K, 211 young (216064K), 28 survivors (28672K)
 Metaspace       used 41245K, capacity 43389K, committed 43632K, reserved 1087488K
  class space    used 5099K, capacity 5951K, committed 6000K, reserved 1048576K
}
Event: 2.862 GC heap after
{Heap after GC invocations=10 (full 0):
 garbage-first heap   total 379904K, used 88413K [0x0000000700000000, 0x0000000800000000)
  region size 1024K, 9 young (9216K), 9 survivors (9216K)
 Metaspace       used 41245K, capacity 43389K, committed 43632K, reserved 1087488K
  class space    used 5099K, capacity 5951K, committed 6000K, reserved 1048576K
}

